<?xml version="1.0" encoding="UTF-8"?>
<testsuite xmlns:xsi="http://www.w3.org/2001/XMLSchema-instance" xsi:noNamespaceSchemaLocation="https://maven.apache.org/surefire/maven-surefire-plugin/xsd/surefire-test-report.xsd" name="com.southwind.mmall002.Mmall002ApplicationTests" time="5.669" tests="1" errors="0" skipped="0" failures="0">
  <properties>
    <property name="sun.desktop" value="windows"/>
    <property name="awt.toolkit" value="sun.awt.windows.WToolkit"/>
    <property name="file.encoding.pkg" value="sun.io"/>
    <property name="java.specification.version" value="1.8"/>
    <property name="sun.cpu.isalist" value="amd64"/>
    <property name="sun.jnu.encoding" value="GBK"/>
    <property name="java.class.path" value="E:\IDEACode\mmall002\target\test-classes;E:\IDEACode\mmall002\target\classes;C:\Users\庞景德\.m2\repository\org\springframework\boot\spring-boot-starter-thymeleaf\2.3.10.RELEASE\spring-boot-starter-thymeleaf-2.3.10.RELEASE.jar;C:\Users\庞景德\.m2\repository\org\springframework\boot\spring-boot-starter\2.3.10.RELEASE\spring-boot-starter-2.3.10.RELEASE.jar;C:\Users\庞景德\.m2\repository\org\springframework\boot\spring-boot\2.3.10.RELEASE\spring-boot-2.3.10.RELEASE.jar;C:\Users\庞景德\.m2\repository\org\springframework\boot\spring-boot-starter-logging\2.3.10.RELEASE\spring-boot-starter-logging-2.3.10.RELEASE.jar;C:\Users\庞景德\.m2\repository\ch\qos\logback\logback-classic\1.2.3\logback-classic-1.2.3.jar;C:\Users\庞景德\.m2\repository\ch\qos\logback\logback-core\1.2.3\logback-core-1.2.3.jar;C:\Users\庞景德\.m2\repository\org\apache\logging\log4j\log4j-to-slf4j\2.13.3\log4j-to-slf4j-2.13.3.jar;C:\Users\庞景德\.m2\repository\org\apache\logging\log4j\log4j-api\2.13.3\log4j-api-2.13.3.jar;C:\Users\庞景德\.m2\repository\org\slf4j\jul-to-slf4j\1.7.30\jul-to-slf4j-1.7.30.jar;C:\Users\庞景德\.m2\repository\jakarta\annotation\jakarta.annotation-api\1.3.5\jakarta.annotation-api-1.3.5.jar;C:\Users\庞景德\.m2\repository\org\yaml\snakeyaml\1.26\snakeyaml-1.26.jar;C:\Users\庞景德\.m2\repository\org\thymeleaf\thymeleaf-spring5\3.0.12.RELEASE\thymeleaf-spring5-3.0.12.RELEASE.jar;C:\Users\庞景德\.m2\repository\org\thymeleaf\thymeleaf\3.0.12.RELEASE\thymeleaf-3.0.12.RELEASE.jar;C:\Users\庞景德\.m2\repository\org\attoparser\attoparser\2.0.5.RELEASE\attoparser-2.0.5.RELEASE.jar;C:\Users\庞景德\.m2\repository\org\unbescape\unbescape\1.1.6.RELEASE\unbescape-1.1.6.RELEASE.jar;C:\Users\庞景德\.m2\repository\org\slf4j\slf4j-api\1.7.30\slf4j-api-1.7.30.jar;C:\Users\庞景德\.m2\repository\org\thymeleaf\extras\thymeleaf-extras-java8time\3.0.4.RELEASE\thymeleaf-extras-java8time-3.0.4.RELEASE.jar;C:\Users\庞景德\.m2\repository\org\springframework\boot\spring-boot-starter-web\2.3.10.RELEASE\spring-boot-starter-web-2.3.10.RELEASE.jar;C:\Users\庞景德\.m2\repository\org\springframework\boot\spring-boot-starter-json\2.3.10.RELEASE\spring-boot-starter-json-2.3.10.RELEASE.jar;C:\Users\庞景德\.m2\repository\com\fasterxml\jackson\core\jackson-databind\2.11.4\jackson-databind-2.11.4.jar;C:\Users\庞景德\.m2\repository\com\fasterxml\jackson\core\jackson-annotations\2.11.4\jackson-annotations-2.11.4.jar;C:\Users\庞景德\.m2\repository\com\fasterxml\jackson\core\jackson-core\2.11.4\jackson-core-2.11.4.jar;C:\Users\庞景德\.m2\repository\com\fasterxml\jackson\datatype\jackson-datatype-jdk8\2.11.4\jackson-datatype-jdk8-2.11.4.jar;C:\Users\庞景德\.m2\repository\com\fasterxml\jackson\datatype\jackson-datatype-jsr310\2.11.4\jackson-datatype-jsr310-2.11.4.jar;C:\Users\庞景德\.m2\repository\com\fasterxml\jackson\module\jackson-module-parameter-names\2.11.4\jackson-module-parameter-names-2.11.4.jar;C:\Users\庞景德\.m2\repository\org\springframework\boot\spring-boot-starter-tomcat\2.3.10.RELEASE\spring-boot-starter-tomcat-2.3.10.RELEASE.jar;C:\Users\庞景德\.m2\repository\org\apache\tomcat\embed\tomcat-embed-core\9.0.45\tomcat-embed-core-9.0.45.jar;C:\Users\庞景德\.m2\repository\org\glassfish\jakarta.el\3.0.3\jakarta.el-3.0.3.jar;C:\Users\庞景德\.m2\repository\org\apache\tomcat\embed\tomcat-embed-websocket\9.0.45\tomcat-embed-websocket-9.0.45.jar;C:\Users\庞景德\.m2\repository\org\springframework\spring-web\5.2.14.RELEASE\spring-web-5.2.14.RELEASE.jar;C:\Users\庞景德\.m2\repository\org\springframework\spring-beans\5.2.14.RELEASE\spring-beans-5.2.14.RELEASE.jar;C:\Users\庞景德\.m2\repository\org\springframework\spring-webmvc\5.2.14.RELEASE\spring-webmvc-5.2.14.RELEASE.jar;C:\Users\庞景德\.m2\repository\org\springframework\spring-aop\5.2.14.RELEASE\spring-aop-5.2.14.RELEASE.jar;C:\Users\庞景德\.m2\repository\org\springframework\spring-context\5.2.14.RELEASE\spring-context-5.2.14.RELEASE.jar;C:\Users\庞景德\.m2\repository\org\springframework\spring-expression\5.2.14.RELEASE\spring-expression-5.2.14.RELEASE.jar;C:\Users\庞景德\.m2\repository\com\baomidou\mybatis-plus-boot-starter\3.3.1.tmp\mybatis-plus-boot-starter-3.3.1.tmp.jar;C:\Users\庞景德\.m2\repository\com\baomidou\mybatis-plus\3.3.1.tmp\mybatis-plus-3.3.1.tmp.jar;C:\Users\庞景德\.m2\repository\org\springframework\boot\spring-boot-autoconfigure\2.3.10.RELEASE\spring-boot-autoconfigure-2.3.10.RELEASE.jar;C:\Users\庞景德\.m2\repository\org\springframework\boot\spring-boot-starter-jdbc\2.3.10.RELEASE\spring-boot-starter-jdbc-2.3.10.RELEASE.jar;C:\Users\庞景德\.m2\repository\com\zaxxer\HikariCP\3.4.5\HikariCP-3.4.5.jar;C:\Users\庞景德\.m2\repository\org\springframework\spring-jdbc\5.2.14.RELEASE\spring-jdbc-5.2.14.RELEASE.jar;C:\Users\庞景德\.m2\repository\org\springframework\spring-tx\5.2.14.RELEASE\spring-tx-5.2.14.RELEASE.jar;C:\Users\庞景德\.m2\repository\com\baomidou\mybatis-plus-generator\3.3.1.tmp\mybatis-plus-generator-3.3.1.tmp.jar;C:\Users\庞景德\.m2\repository\com\baomidou\mybatis-plus-extension\3.3.1.tmp\mybatis-plus-extension-3.3.1.tmp.jar;C:\Users\庞景德\.m2\repository\com\baomidou\mybatis-plus-core\3.3.1.tmp\mybatis-plus-core-3.3.1.tmp.jar;C:\Users\庞景德\.m2\repository\com\baomidou\mybatis-plus-annotation\3.3.1.tmp\mybatis-plus-annotation-3.3.1.tmp.jar;C:\Users\庞景德\.m2\repository\com\github\jsqlparser\jsqlparser\3.1\jsqlparser-3.1.jar;C:\Users\庞景德\.m2\repository\org\mybatis\mybatis\3.5.3\mybatis-3.5.3.jar;C:\Users\庞景德\.m2\repository\org\mybatis\mybatis-spring\2.0.3\mybatis-spring-2.0.3.jar;C:\Users\庞景德\.m2\repository\org\apache\velocity\velocity\1.7\velocity-1.7.jar;C:\Users\庞景德\.m2\repository\commons-collections\commons-collections\3.2.1\commons-collections-3.2.1.jar;C:\Users\庞景德\.m2\repository\commons-lang\commons-lang\2.4\commons-lang-2.4.jar;C:\Users\庞景德\.m2\repository\mysql\mysql-connector-java\8.0.23\mysql-connector-java-8.0.23.jar;C:\Users\庞景德\.m2\repository\org\projectlombok\lombok\1.18.20\lombok-1.18.20.jar;C:\Users\庞景德\.m2\repository\org\springframework\boot\spring-boot-starter-test\2.3.10.RELEASE\spring-boot-starter-test-2.3.10.RELEASE.jar;C:\Users\庞景德\.m2\repository\org\springframework\boot\spring-boot-test\2.3.10.RELEASE\spring-boot-test-2.3.10.RELEASE.jar;C:\Users\庞景德\.m2\repository\org\springframework\boot\spring-boot-test-autoconfigure\2.3.10.RELEASE\spring-boot-test-autoconfigure-2.3.10.RELEASE.jar;C:\Users\庞景德\.m2\repository\com\jayway\jsonpath\json-path\2.4.0\json-path-2.4.0.jar;C:\Users\庞景德\.m2\repository\net\minidev\json-smart\2.3\json-smart-2.3.jar;C:\Users\庞景德\.m2\repository\net\minidev\accessors-smart\1.2\accessors-smart-1.2.jar;C:\Users\庞景德\.m2\repository\org\ow2\asm\asm\5.0.4\asm-5.0.4.jar;C:\Users\庞景德\.m2\repository\jakarta\xml\bind\jakarta.xml.bind-api\2.3.3\jakarta.xml.bind-api-2.3.3.jar;C:\Users\庞景德\.m2\repository\jakarta\activation\jakarta.activation-api\1.2.2\jakarta.activation-api-1.2.2.jar;C:\Users\庞景德\.m2\repository\org\assertj\assertj-core\3.16.1\assertj-core-3.16.1.jar;C:\Users\庞景德\.m2\repository\org\hamcrest\hamcrest\2.2\hamcrest-2.2.jar;C:\Users\庞景德\.m2\repository\org\junit\jupiter\junit-jupiter\5.6.3\junit-jupiter-5.6.3.jar;C:\Users\庞景德\.m2\repository\org\junit\jupiter\junit-jupiter-api\5.6.3\junit-jupiter-api-5.6.3.jar;C:\Users\庞景德\.m2\repository\org\opentest4j\opentest4j\1.2.0\opentest4j-1.2.0.jar;C:\Users\庞景德\.m2\repository\org\junit\platform\junit-platform-commons\1.6.3\junit-platform-commons-1.6.3.jar;C:\Users\庞景德\.m2\repository\org\junit\jupiter\junit-jupiter-params\5.6.3\junit-jupiter-params-5.6.3.jar;C:\Users\庞景德\.m2\repository\org\junit\jupiter\junit-jupiter-engine\5.6.3\junit-jupiter-engine-5.6.3.jar;C:\Users\庞景德\.m2\repository\org\junit\vintage\junit-vintage-engine\5.6.3\junit-vintage-engine-5.6.3.jar;C:\Users\庞景德\.m2\repository\org\apiguardian\apiguardian-api\1.1.0\apiguardian-api-1.1.0.jar;C:\Users\庞景德\.m2\repository\org\junit\platform\junit-platform-engine\1.6.3\junit-platform-engine-1.6.3.jar;C:\Users\庞景德\.m2\repository\junit\junit\4.13.2\junit-4.13.2.jar;C:\Users\庞景德\.m2\repository\org\mockito\mockito-core\3.3.3\mockito-core-3.3.3.jar;C:\Users\庞景德\.m2\repository\net\bytebuddy\byte-buddy\1.10.22\byte-buddy-1.10.22.jar;C:\Users\庞景德\.m2\repository\net\bytebuddy\byte-buddy-agent\1.10.22\byte-buddy-agent-1.10.22.jar;C:\Users\庞景德\.m2\repository\org\objenesis\objenesis\2.6\objenesis-2.6.jar;C:\Users\庞景德\.m2\repository\org\mockito\mockito-junit-jupiter\3.3.3\mockito-junit-jupiter-3.3.3.jar;C:\Users\庞景德\.m2\repository\org\skyscreamer\jsonassert\1.5.0\jsonassert-1.5.0.jar;C:\Users\庞景德\.m2\repository\com\vaadin\external\google\android-json\0.0.20131108.vaadin1\android-json-0.0.20131108.vaadin1.jar;C:\Users\庞景德\.m2\repository\org\springframework\spring-core\5.2.14.RELEASE\spring-core-5.2.14.RELEASE.jar;C:\Users\庞景德\.m2\repository\org\springframework\spring-jcl\5.2.14.RELEASE\spring-jcl-5.2.14.RELEASE.jar;C:\Users\庞景德\.m2\repository\org\springframework\spring-test\5.2.14.RELEASE\spring-test-5.2.14.RELEASE.jar;C:\Users\庞景德\.m2\repository\org\xmlunit\xmlunit-core\2.7.0\xmlunit-core-2.7.0.jar;"/>
    <property name="java.vm.vendor" value="Oracle Corporation"/>
    <property name="sun.arch.data.model" value="64"/>
    <property name="user.variant" value=""/>
    <property name="java.vendor.url" value="http://java.oracle.com/"/>
    <property name="user.timezone" value="Asia/Shanghai"/>
    <property name="java.vm.specification.version" value="1.8"/>
    <property name="os.name" value="Windows 10"/>
    <property name="user.country" value="CN"/>
    <property name="sun.java.launcher" value="SUN_STANDARD"/>
    <property name="sun.boot.library.path" value="E:\jdk\jre\bin"/>
    <property name="sun.java.command" value="C:\Users\庞景德\AppData\Local\Temp\surefire870500125104881791\surefirebooter4062296654787007006.jar C:\Users\庞景德\AppData\Local\Temp\surefire870500125104881791 2021-10-06T13-07-37_019-jvmRun1 surefire8418086949749847673tmp surefire_06685083605413604022tmp"/>
    <property name="surefire.test.class.path" value="E:\IDEACode\mmall002\target\test-classes;E:\IDEACode\mmall002\target\classes;C:\Users\庞景德\.m2\repository\org\springframework\boot\spring-boot-starter-thymeleaf\2.3.10.RELEASE\spring-boot-starter-thymeleaf-2.3.10.RELEASE.jar;C:\Users\庞景德\.m2\repository\org\springframework\boot\spring-boot-starter\2.3.10.RELEASE\spring-boot-starter-2.3.10.RELEASE.jar;C:\Users\庞景德\.m2\repository\org\springframework\boot\spring-boot\2.3.10.RELEASE\spring-boot-2.3.10.RELEASE.jar;C:\Users\庞景德\.m2\repository\org\springframework\boot\spring-boot-starter-logging\2.3.10.RELEASE\spring-boot-starter-logging-2.3.10.RELEASE.jar;C:\Users\庞景德\.m2\repository\ch\qos\logback\logback-classic\1.2.3\logback-classic-1.2.3.jar;C:\Users\庞景德\.m2\repository\ch\qos\logback\logback-core\1.2.3\logback-core-1.2.3.jar;C:\Users\庞景德\.m2\repository\org\apache\logging\log4j\log4j-to-slf4j\2.13.3\log4j-to-slf4j-2.13.3.jar;C:\Users\庞景德\.m2\repository\org\apache\logging\log4j\log4j-api\2.13.3\log4j-api-2.13.3.jar;C:\Users\庞景德\.m2\repository\org\slf4j\jul-to-slf4j\1.7.30\jul-to-slf4j-1.7.30.jar;C:\Users\庞景德\.m2\repository\jakarta\annotation\jakarta.annotation-api\1.3.5\jakarta.annotation-api-1.3.5.jar;C:\Users\庞景德\.m2\repository\org\yaml\snakeyaml\1.26\snakeyaml-1.26.jar;C:\Users\庞景德\.m2\repository\org\thymeleaf\thymeleaf-spring5\3.0.12.RELEASE\thymeleaf-spring5-3.0.12.RELEASE.jar;C:\Users\庞景德\.m2\repository\org\thymeleaf\thymeleaf\3.0.12.RELEASE\thymeleaf-3.0.12.RELEASE.jar;C:\Users\庞景德\.m2\repository\org\attoparser\attoparser\2.0.5.RELEASE\attoparser-2.0.5.RELEASE.jar;C:\Users\庞景德\.m2\repository\org\unbescape\unbescape\1.1.6.RELEASE\unbescape-1.1.6.RELEASE.jar;C:\Users\庞景德\.m2\repository\org\slf4j\slf4j-api\1.7.30\slf4j-api-1.7.30.jar;C:\Users\庞景德\.m2\repository\org\thymeleaf\extras\thymeleaf-extras-java8time\3.0.4.RELEASE\thymeleaf-extras-java8time-3.0.4.RELEASE.jar;C:\Users\庞景德\.m2\repository\org\springframework\boot\spring-boot-starter-web\2.3.10.RELEASE\spring-boot-starter-web-2.3.10.RELEASE.jar;C:\Users\庞景德\.m2\repository\org\springframework\boot\spring-boot-starter-json\2.3.10.RELEASE\spring-boot-starter-json-2.3.10.RELEASE.jar;C:\Users\庞景德\.m2\repository\com\fasterxml\jackson\core\jackson-databind\2.11.4\jackson-databind-2.11.4.jar;C:\Users\庞景德\.m2\repository\com\fasterxml\jackson\core\jackson-annotations\2.11.4\jackson-annotations-2.11.4.jar;C:\Users\庞景德\.m2\repository\com\fasterxml\jackson\core\jackson-core\2.11.4\jackson-core-2.11.4.jar;C:\Users\庞景德\.m2\repository\com\fasterxml\jackson\datatype\jackson-datatype-jdk8\2.11.4\jackson-datatype-jdk8-2.11.4.jar;C:\Users\庞景德\.m2\repository\com\fasterxml\jackson\datatype\jackson-datatype-jsr310\2.11.4\jackson-datatype-jsr310-2.11.4.jar;C:\Users\庞景德\.m2\repository\com\fasterxml\jackson\module\jackson-module-parameter-names\2.11.4\jackson-module-parameter-names-2.11.4.jar;C:\Users\庞景德\.m2\repository\org\springframework\boot\spring-boot-starter-tomcat\2.3.10.RELEASE\spring-boot-starter-tomcat-2.3.10.RELEASE.jar;C:\Users\庞景德\.m2\repository\org\apache\tomcat\embed\tomcat-embed-core\9.0.45\tomcat-embed-core-9.0.45.jar;C:\Users\庞景德\.m2\repository\org\glassfish\jakarta.el\3.0.3\jakarta.el-3.0.3.jar;C:\Users\庞景德\.m2\repository\org\apache\tomcat\embed\tomcat-embed-websocket\9.0.45\tomcat-embed-websocket-9.0.45.jar;C:\Users\庞景德\.m2\repository\org\springframework\spring-web\5.2.14.RELEASE\spring-web-5.2.14.RELEASE.jar;C:\Users\庞景德\.m2\repository\org\springframework\spring-beans\5.2.14.RELEASE\spring-beans-5.2.14.RELEASE.jar;C:\Users\庞景德\.m2\repository\org\springframework\spring-webmvc\5.2.14.RELEASE\spring-webmvc-5.2.14.RELEASE.jar;C:\Users\庞景德\.m2\repository\org\springframework\spring-aop\5.2.14.RELEASE\spring-aop-5.2.14.RELEASE.jar;C:\Users\庞景德\.m2\repository\org\springframework\spring-context\5.2.14.RELEASE\spring-context-5.2.14.RELEASE.jar;C:\Users\庞景德\.m2\repository\org\springframework\spring-expression\5.2.14.RELEASE\spring-expression-5.2.14.RELEASE.jar;C:\Users\庞景德\.m2\repository\com\baomidou\mybatis-plus-boot-starter\3.3.1.tmp\mybatis-plus-boot-starter-3.3.1.tmp.jar;C:\Users\庞景德\.m2\repository\com\baomidou\mybatis-plus\3.3.1.tmp\mybatis-plus-3.3.1.tmp.jar;C:\Users\庞景德\.m2\repository\org\springframework\boot\spring-boot-autoconfigure\2.3.10.RELEASE\spring-boot-autoconfigure-2.3.10.RELEASE.jar;C:\Users\庞景德\.m2\repository\org\springframework\boot\spring-boot-starter-jdbc\2.3.10.RELEASE\spring-boot-starter-jdbc-2.3.10.RELEASE.jar;C:\Users\庞景德\.m2\repository\com\zaxxer\HikariCP\3.4.5\HikariCP-3.4.5.jar;C:\Users\庞景德\.m2\repository\org\springframework\spring-jdbc\5.2.14.RELEASE\spring-jdbc-5.2.14.RELEASE.jar;C:\Users\庞景德\.m2\repository\org\springframework\spring-tx\5.2.14.RELEASE\spring-tx-5.2.14.RELEASE.jar;C:\Users\庞景德\.m2\repository\com\baomidou\mybatis-plus-generator\3.3.1.tmp\mybatis-plus-generator-3.3.1.tmp.jar;C:\Users\庞景德\.m2\repository\com\baomidou\mybatis-plus-extension\3.3.1.tmp\mybatis-plus-extension-3.3.1.tmp.jar;C:\Users\庞景德\.m2\repository\com\baomidou\mybatis-plus-core\3.3.1.tmp\mybatis-plus-core-3.3.1.tmp.jar;C:\Users\庞景德\.m2\repository\com\baomidou\mybatis-plus-annotation\3.3.1.tmp\mybatis-plus-annotation-3.3.1.tmp.jar;C:\Users\庞景德\.m2\repository\com\github\jsqlparser\jsqlparser\3.1\jsqlparser-3.1.jar;C:\Users\庞景德\.m2\repository\org\mybatis\mybatis\3.5.3\mybatis-3.5.3.jar;C:\Users\庞景德\.m2\repository\org\mybatis\mybatis-spring\2.0.3\mybatis-spring-2.0.3.jar;C:\Users\庞景德\.m2\repository\org\apache\velocity\velocity\1.7\velocity-1.7.jar;C:\Users\庞景德\.m2\repository\commons-collections\commons-collections\3.2.1\commons-collections-3.2.1.jar;C:\Users\庞景德\.m2\repository\commons-lang\commons-lang\2.4\commons-lang-2.4.jar;C:\Users\庞景德\.m2\repository\mysql\mysql-connector-java\8.0.23\mysql-connector-java-8.0.23.jar;C:\Users\庞景德\.m2\repository\org\projectlombok\lombok\1.18.20\lombok-1.18.20.jar;C:\Users\庞景德\.m2\repository\org\springframework\boot\spring-boot-starter-test\2.3.10.RELEASE\spring-boot-starter-test-2.3.10.RELEASE.jar;C:\Users\庞景德\.m2\repository\org\springframework\boot\spring-boot-test\2.3.10.RELEASE\spring-boot-test-2.3.10.RELEASE.jar;C:\Users\庞景德\.m2\repository\org\springframework\boot\spring-boot-test-autoconfigure\2.3.10.RELEASE\spring-boot-test-autoconfigure-2.3.10.RELEASE.jar;C:\Users\庞景德\.m2\repository\com\jayway\jsonpath\json-path\2.4.0\json-path-2.4.0.jar;C:\Users\庞景德\.m2\repository\net\minidev\json-smart\2.3\json-smart-2.3.jar;C:\Users\庞景德\.m2\repository\net\minidev\accessors-smart\1.2\accessors-smart-1.2.jar;C:\Users\庞景德\.m2\repository\org\ow2\asm\asm\5.0.4\asm-5.0.4.jar;C:\Users\庞景德\.m2\repository\jakarta\xml\bind\jakarta.xml.bind-api\2.3.3\jakarta.xml.bind-api-2.3.3.jar;C:\Users\庞景德\.m2\repository\jakarta\activation\jakarta.activation-api\1.2.2\jakarta.activation-api-1.2.2.jar;C:\Users\庞景德\.m2\repository\org\assertj\assertj-core\3.16.1\assertj-core-3.16.1.jar;C:\Users\庞景德\.m2\repository\org\hamcrest\hamcrest\2.2\hamcrest-2.2.jar;C:\Users\庞景德\.m2\repository\org\junit\jupiter\junit-jupiter\5.6.3\junit-jupiter-5.6.3.jar;C:\Users\庞景德\.m2\repository\org\junit\jupiter\junit-jupiter-api\5.6.3\junit-jupiter-api-5.6.3.jar;C:\Users\庞景德\.m2\repository\org\opentest4j\opentest4j\1.2.0\opentest4j-1.2.0.jar;C:\Users\庞景德\.m2\repository\org\junit\platform\junit-platform-commons\1.6.3\junit-platform-commons-1.6.3.jar;C:\Users\庞景德\.m2\repository\org\junit\jupiter\junit-jupiter-params\5.6.3\junit-jupiter-params-5.6.3.jar;C:\Users\庞景德\.m2\repository\org\junit\jupiter\junit-jupiter-engine\5.6.3\junit-jupiter-engine-5.6.3.jar;C:\Users\庞景德\.m2\repository\org\junit\vintage\junit-vintage-engine\5.6.3\junit-vintage-engine-5.6.3.jar;C:\Users\庞景德\.m2\repository\org\apiguardian\apiguardian-api\1.1.0\apiguardian-api-1.1.0.jar;C:\Users\庞景德\.m2\repository\org\junit\platform\junit-platform-engine\1.6.3\junit-platform-engine-1.6.3.jar;C:\Users\庞景德\.m2\repository\junit\junit\4.13.2\junit-4.13.2.jar;C:\Users\庞景德\.m2\repository\org\mockito\mockito-core\3.3.3\mockito-core-3.3.3.jar;C:\Users\庞景德\.m2\repository\net\bytebuddy\byte-buddy\1.10.22\byte-buddy-1.10.22.jar;C:\Users\庞景德\.m2\repository\net\bytebuddy\byte-buddy-agent\1.10.22\byte-buddy-agent-1.10.22.jar;C:\Users\庞景德\.m2\repository\org\objenesis\objenesis\2.6\objenesis-2.6.jar;C:\Users\庞景德\.m2\repository\org\mockito\mockito-junit-jupiter\3.3.3\mockito-junit-jupiter-3.3.3.jar;C:\Users\庞景德\.m2\repository\org\skyscreamer\jsonassert\1.5.0\jsonassert-1.5.0.jar;C:\Users\庞景德\.m2\repository\com\vaadin\external\google\android-json\0.0.20131108.vaadin1\android-json-0.0.20131108.vaadin1.jar;C:\Users\庞景德\.m2\repository\org\springframework\spring-core\5.2.14.RELEASE\spring-core-5.2.14.RELEASE.jar;C:\Users\庞景德\.m2\repository\org\springframework\spring-jcl\5.2.14.RELEASE\spring-jcl-5.2.14.RELEASE.jar;C:\Users\庞景德\.m2\repository\org\springframework\spring-test\5.2.14.RELEASE\spring-test-5.2.14.RELEASE.jar;C:\Users\庞景德\.m2\repository\org\xmlunit\xmlunit-core\2.7.0\xmlunit-core-2.7.0.jar;"/>
    <property name="sun.cpu.endian" value="little"/>
    <property name="user.home" value="C:\Users\庞景德"/>
    <property name="user.language" value="zh"/>
    <property name="java.specification.vendor" value="Oracle Corporation"/>
    <property name="java.home" value="E:\jdk\jre"/>
    <property name="basedir" value="E:\IDEACode\mmall002"/>
    <property name="file.separator" value="\"/>
    <property name="line.separator" value="&#10;"/>
    <property name="java.vm.specification.vendor" value="Oracle Corporation"/>
    <property name="java.specification.name" value="Java Platform API Specification"/>
    <property name="java.awt.graphicsenv" value="sun.awt.Win32GraphicsEnvironment"/>
    <property name="surefire.real.class.path" value="C:\Users\庞景德\AppData\Local\Temp\surefire870500125104881791\surefirebooter4062296654787007006.jar"/>
    <property name="sun.boot.class.path" value="E:\jdk\jre\lib\resources.jar;E:\jdk\jre\lib\rt.jar;E:\jdk\jre\lib\sunrsasign.jar;E:\jdk\jre\lib\jsse.jar;E:\jdk\jre\lib\jce.jar;E:\jdk\jre\lib\charsets.jar;E:\jdk\jre\lib\jfr.jar;E:\jdk\jre\classes"/>
    <property name="user.script" value=""/>
    <property name="sun.management.compiler" value="HotSpot 64-Bit Tiered Compilers"/>
    <property name="java.runtime.version" value="1.8.0_131-b11"/>
    <property name="user.name" value="庞景德"/>
    <property name="path.separator" value=";"/>
    <property name="os.version" value="10.0"/>
    <property name="java.endorsed.dirs" value="E:\jdk\jre\lib\endorsed"/>
    <property name="java.runtime.name" value="Java(TM) SE Runtime Environment"/>
    <property name="file.encoding" value="GBK"/>
    <property name="java.vm.name" value="Java HotSpot(TM) 64-Bit Server VM"/>
    <property name="localRepository" value="C:\Users\庞景德\.m2\repository"/>
    <property name="java.vendor.url.bug" value="http://bugreport.sun.com/bugreport/"/>
    <property name="java.io.tmpdir" value="C:\Users\庞景德\AppData\Local\Temp\"/>
    <property name="idea.version" value="2020.3.3"/>
    <property name="java.version" value="1.8.0_131"/>
    <property name="user.dir" value="E:\IDEACode\mmall002"/>
    <property name="os.arch" value="amd64"/>
    <property name="java.vm.specification.name" value="Java Virtual Machine Specification"/>
    <property name="java.awt.printerjob" value="sun.awt.windows.WPrinterJob"/>
    <property name="sun.os.patch.level" value=""/>
    <property name="java.library.path" value="E:\jdk\jre\bin;C:\WINDOWS\Sun\Java\bin;C:\WINDOWS\system32;C:\WINDOWS;E:\Vmware\bin\;C:\Program Files (x86)\Common Files\Oracle\Java\javapath;C:\ProgramData\Oracle\Java\javapath;C:\Program Files (x86)\Common Files\Intel\Shared Libraries\redist\intel64\compiler;C:\Windows\system32;C:\Windows;C:\Windows\System32\Wbem;C:\Windows\System32\WindowsPowerShell\v1.0\;C:\Program Files\Intel\WiFi\bin\;C:\Program Files\Common Files\Intel\WirelessCommon\;C:\Program Files (x86)\NVIDIA Corporation\PhysX\Common;C:\WINDOWS\system32;C:\WINDOWS;C:\WINDOWS\System32\Wbem;C:\WINDOWS\System32\WindowsPowerShell\v1.0\;C:\WINDOWS\System32\OpenSSH\;C:\Program Files\NVIDIA Corporation\NVIDIA NvDLISR;C:\WINDOWS\system32;C:\WINDOWS;C:\WINDOWS\System32\Wbem;C:\WINDOWS\System32\WindowsPowerShell\v1.0\;E:\jdk\jre\bin;E:\jdk\jre\jre\bin;D:\ChromeCoreDownloads\apache-maven-3.6.3-bin\apache-maven-3.6.3\bin;E:\mysql\bin;E:\git\Git\cmd;E:\Xshell\;E:\Xtfp\;C:\Users\庞景德\AppData\Local\Microsoft\WindowsApps;;E:\IDEA\IntelliJ IDEA 2020.3.3;;."/>
    <property name="java.vm.info" value="mixed mode"/>
    <property name="java.vendor" value="Oracle Corporation"/>
    <property name="java.vm.version" value="25.131-b11"/>
    <property name="java.ext.dirs" value="E:\jdk\jre\lib\ext;C:\WINDOWS\Sun\Java\lib\ext"/>
    <property name="sun.io.unicode.encoding" value="UnicodeLittle"/>
    <property name="java.class.version" value="52.0"/>
  </properties>
  <testcase name="contextLoads" classname="com.southwind.mmall002.Mmall002ApplicationTests" time="0.23"/>
</testsuite>